#
# A fatal error has been detected by the Java Runtime Environment:
#
#  EXCEPTION_ACCESS_VIOLATION (0xc0000005) at pc=0x00000000705c3a3a, pid=7588, tid=4220
#
# JRE version: Java(TM) SE Runtime Environment (8.0_91-b14) (build 1.8.0_91-b14)
# Java VM: Java HotSpot(TM) 64-Bit Server VM (25.91-b14 mixed mode windows-amd64 compressed oops)
# Problematic frame:
# V  [jvm.dll+0x3f3a3a]
#
# Failed to write core dump. Minidumps are not enabled by default on client versions of Windows
#
# If you would like to submit a bug report, please visit:
#   http://bugreport.java.com/bugreport/crash.jsp
#

---------------  T H R E A D  ---------------

Current thread (0x0000000001e8f800):  GCTaskThread [stack: 0x0000000012290000,0x0000000012390000] [id=4220]

siginfo: ExceptionCode=0xc0000005, reading address 0x0000000000000129

Registers:
RAX=0x0000000000000021, RBX=0x0000000000000503, RCX=0x0000000084a65c78, RDX=0x0000000057286c20
RSP=0x000000001238f900, RBP=0x0000000000004a00, RSI=0x0000000057286c20, RDI=0x00000000dd908000
R8 =0x0000000084a46080, R9 =0x0000000084a65c78, R10=0x000000000000000c, R11=0x00000000707c99b8
R12=0x000000007081b698, R13=0x0000000001e89af0, R14=0x0000000001e8fae0, R15=0x0000000000000000
RIP=0x00000000705c3a3a, EFLAGS=0x0000000000010206

Top of Stack: (sp=0x000000001238f900)
0x000000001238f900:   0000000057286c20 0000000000004a00
0x000000001238f910:   0000000057286c20 000000007081b698
0x000000001238f920:   00006d7a0000048b 00006d7b0000048b
0x000000001238f930:   00000000dd90900c 00000000dd908000
0x000000001238f940:   0000000000004a00 00000000703093a1
0x000000001238f950:   0000000057286d90 0000008f00000006
0x000000001238f960:   0000000001e8f800 0000000001e89af0
0x000000001238f970:   0000000001e8faf0 0000000001e8fae0
0x000000001238f980:   000000007081b698 0000000000000002
0x000000001238f990:   0000000058f02070 0000000000000000
0x000000001238f9a0:   0000000057286c20 00000000705c1290
0x000000001238f9b0:   0000000084a46080 00006d7a0000048b
0x000000001238f9c0:   00006d7b0000048b 000005b300000005
0x000000001238f9d0:   00000000dd908000 0000000000000200
0x000000001238f9e0:   0000000058f02070 00000000705be81e
0x000000001238f9f0:   000000006c327a75 0000000001e8f800 

Instructions: (pc=0x00000000705c3a3a)
0x00000000705c3a1a:   00 74 28 8b 0d 7d 3d 3a 00 45 8b 48 08 48 8b d6
0x00000000705c3a2a:   49 d3 e1 4c 03 0d 64 3d 3a 00 49 8b c9 49 8b 01
0x00000000705c3a3a:   ff 90 08 01 00 00 e9 1b ff ff ff 4d 8b 48 08 48
0x00000000705c3a4a:   8b d6 49 8b 01 49 8b c9 ff 90 08 01 00 00 e9 03 


Register to memory mapping:

RAX=0x0000000000000021 is an unknown value
RBX=0x0000000000000503 is an unknown value
RCX=0x0000000084a65c78 is an oop
java.lang.String 
 - klass: 'java/lang/String'
RDX=0x0000000057286c20 is an unknown value
RSP=0x000000001238f900 is an unknown value
RBP=0x0000000000004a00 is an unknown value
RSI=0x0000000057286c20 is an unknown value
RDI=0x00000000dd908000 is an oop
[Ljava.lang.Object; 
 - klass: 'java/lang/Object'[]
 - length: 1215487
R8 =0x0000000084a46080 is pointing into object: 0x0000000084a46078
Gene 
 - klass: 'Gene'
R9 =0x0000000084a65c78 is an oop
java.lang.String 
 - klass: 'java/lang/String'
R10=0x000000000000000c is an unknown value
R11=0x00000000707c99b8 is an unknown value
R12=0x000000007081b698 is an unknown value
R13=0x0000000001e89af0 is an unknown value
R14=0x0000000001e8fae0 is an unknown value
R15=0x0000000000000000 is an unknown value


Stack: [0x0000000012290000,0x0000000012390000],  sp=0x000000001238f900,  free space=1022k
Native frames: (J=compiled Java code, j=interpreted, Vv=VM code, C=native code)
V  [jvm.dll+0x3f3a3a]
V  [jvm.dll+0x3f1290]
V  [jvm.dll+0x3ee81e]
V  [jvm.dll+0x29a99a]
C  [msvcr100.dll+0x21d9f]
C  [msvcr100.dll+0x21e3b]
C  [kernel32.dll+0x159bd]
C  [ntdll.dll+0x2a2e1]


---------------  P R O C E S S  ---------------

Java Threads: ( => current thread )
  0x0000000058f12800 JavaThread "Service Thread" daemon [_thread_blocked, id=5132, stack(0x0000000059310000,0x0000000059410000)]
  0x000000005735f000 JavaThread "C1 CompilerThread2" daemon [_thread_blocked, id=7620, stack(0x0000000058c40000,0x0000000058d40000)]
  0x000000005735e000 JavaThread "C2 CompilerThread1" daemon [_thread_blocked, id=6448, stack(0x0000000058780000,0x0000000058880000)]
  0x0000000057356800 JavaThread "C2 CompilerThread0" daemon [_thread_blocked, id=7152, stack(0x0000000058a30000,0x0000000058b30000)]
  0x0000000057354000 JavaThread "Attach Listener" daemon [_thread_blocked, id=4880, stack(0x00000000588c0000,0x00000000589c0000)]
  0x0000000057350800 JavaThread "Signal Dispatcher" daemon [_thread_blocked, id=6360, stack(0x00000000582a0000,0x00000000583a0000)]
  0x0000000057339000 JavaThread "Finalizer" daemon [_thread_blocked, id=3760, stack(0x0000000058680000,0x0000000058780000)]
  0x00000000572f1800 JavaThread "Reference Handler" daemon [_thread_blocked, id=6324, stack(0x0000000058500000,0x0000000058600000)]
  0x0000000001e3d800 JavaThread "main" [_thread_blocked, id=2828, stack(0x00000000020d0000,0x00000000021d0000)]

Other Threads:
  0x00000000572ea000 VMThread [stack: 0x00000000583d0000,0x00000000584d0000] [id=7456]
  0x0000000058f23000 WatcherThread [stack: 0x0000000059470000,0x0000000059570000] [id=7440]

=>0x0000000001e8f800 (exited) GCTaskThread [stack: 0x0000000012290000,0x0000000012390000] [id=4220]

VM state:at safepoint (normal execution)

VM Mutex/Monitor currently owned by a thread:  ([mutex/lock_event])
[0x0000000001e3c0a0] Threads_lock - owner thread: 0x00000000572ea000
[0x0000000001e3c5a0] Heap_lock - owner thread: 0x0000000001e3d800

Heap:
 PSYoungGen      total 138240K, used 5100K [0x00000000d5700000, 0x00000000e6780000, 0x0000000100000000)
  eden space 133120K, 0% used [0x00000000d5700000,0x00000000d5700000,0x00000000dd900000)
  from space 5120K, 99% used [0x00000000dd900000,0x00000000dddfb010,0x00000000dde00000)
  to   space 60416K, 0% used [0x00000000e2c80000,0x00000000e2c80000,0x00000000e6780000)
 ParOldGen       total 172544K, used 129594K [0x0000000080400000, 0x000000008ac80000, 0x00000000d5700000)
  object space 172544K, 75% used [0x0000000080400000,0x000000008828ea88,0x000000008ac80000)
 Metaspace       used 3318K, capacity 4600K, committed 4864K, reserved 1056768K
  class space    used 389K, capacity 424K, committed 512K, reserved 1048576K

Card table byte_map: [0x0000000011860000,0x0000000011c60000] byte_map_base: 0x000000001145e000

Marking Bits: (ParMarkBitMap*) 0x00000000709e2f70
 Begin Bits: [0x0000000012580000, 0x0000000014570000)
 End Bits:   [0x0000000014570000, 0x0000000016560000)

Polling page: 0x0000000000220000

CodeCache: size=245760Kb used=1491Kb max_used=1506Kb free=244268Kb
 bounds [0x00000000024a0000, 0x0000000002710000, 0x00000000114a0000]
 total_blobs=427 nmethods=185 adapters=155
 compilation: enabled

Compilation events (10 events):
Event: 0.196 Thread 0x000000005735e000  181       4       java.util.AbstractCollection::isEmpty (13 bytes)
Event: 0.196 Thread 0x0000000057356800  182       4       java.util.LinkedList::remove (5 bytes)
Event: 0.196 Thread 0x000000005735e000 nmethod 181 0x000000000260bd50 code [0x000000000260bea0, 0x000000000260bf18]
Event: 0.196 Thread 0x000000005735e000  183       4       java.util.LinkedList::unlinkFirst (64 bytes)
Event: 0.196 Thread 0x0000000057356800 nmethod 182 0x000000000260ba90 code [0x000000000260bbc0, 0x000000000260bc78]
Event: 0.197 Thread 0x000000005735e000 nmethod 183 0x000000000260b810 code [0x000000000260b940, 0x000000000260b9d8]
Event: 0.234 Thread 0x0000000057356800  184 %     4       BooleanNetwork::generateStates @ 70 (174 bytes)
Event: 0.259 Thread 0x0000000057356800 nmethod 184% 0x0000000002617490 code [0x00000000026176c0, 0x00000000026189a8]
Event: 0.507 Thread 0x000000005735f000  185       1       java.lang.ref.Reference::get (5 bytes)
Event: 0.507 Thread 0x000000005735f000 nmethod 185 0x000000000260b550 code [0x000000000260b6a0, 0x000000000260b7b0]

GC Heap History (10 events):
Event: 0.933 GC heap after
Heap after GC invocations=2 (full 0):
 PSYoungGen      total 71680K, used 5113K [0x00000000d5700000, 0x00000000da200000, 0x0000000100000000)
  eden space 66560K, 0% used [0x00000000d5700000,0x00000000d5700000,0x00000000d9800000)
  from space 5120K, 99% used [0x00000000d9d00000,0x00000000da1fe7a8,0x00000000da200000)
  to   space 5120K, 0% used [0x00000000d9800000,0x00000000d9800000,0x00000000d9d00000)
 ParOldGen       total 87552K, used 20776K [0x0000000080400000, 0x0000000085980000, 0x00000000d5700000)
  object space 87552K, 23% used [0x0000000080400000,0x000000008184a000,0x0000000085980000)
 Metaspace       used 3318K, capacity 4600K, committed 4864K, reserved 1056768K
  class space    used 389K, capacity 424K, committed 512K, reserved 1048576K
}
Event: 1.767 GC heap before
{Heap before GC invocations=3 (full 0):
 PSYoungGen      total 71680K, used 71673K [0x00000000d5700000, 0x00000000da200000, 0x0000000100000000)
  eden space 66560K, 100% used [0x00000000d5700000,0x00000000d9800000,0x00000000d9800000)
  from space 5120K, 99% used [0x00000000d9d00000,0x00000000da1fe7a8,0x00000000da200000)
  to   space 5120K, 0% used [0x00000000d9800000,0x00000000d9800000,0x00000000d9d00000)
 ParOldGen       total 87552K, used 20776K [0x0000000080400000, 0x0000000085980000, 0x00000000d5700000)
  object space 87552K, 23% used [0x0000000080400000,0x000000008184a000,0x0000000085980000)
 Metaspace       used 3318K, capacity 4600K, committed 4864K, reserved 1056768K
  class space    used 389K, capacity 424K, committed 512K, reserved 1048576K
Event: 1.800 GC heap after
Heap after GC invocations=3 (full 0):
 PSYoungGen      total 71680K, used 5102K [0x00000000d5700000, 0x00000000de300000, 0x0000000100000000)
  eden space 66560K, 0% used [0x00000000d5700000,0x00000000d5700000,0x00000000d9800000)
  from space 5120K, 99% used [0x00000000d9800000,0x00000000d9cfb908,0x00000000d9d00000)
  to   space 5120K, 0% used [0x00000000dde00000,0x00000000dde00000,0x00000000de300000)
 ParOldGen       total 87552K, used 47544K [0x0000000080400000, 0x0000000085980000, 0x00000000d5700000)
  object space 87552K, 54% used [0x0000000080400000,0x000000008326e000,0x0000000085980000)
 Metaspace       used 3318K, capacity 4600K, committed 4864K, reserved 1056768K
  class space    used 389K, capacity 424K, committed 512K, reserved 1048576K
}
Event: 2.626 GC heap before
{Heap before GC invocations=4 (full 0):
 PSYoungGen      total 71680K, used 71662K [0x00000000d5700000, 0x00000000de300000, 0x0000000100000000)
  eden space 66560K, 100% used [0x00000000d5700000,0x00000000d9800000,0x00000000d9800000)
  from space 5120K, 99% used [0x00000000d9800000,0x00000000d9cfb908,0x00000000d9d00000)
  to   space 5120K, 0% used [0x00000000dde00000,0x00000000dde00000,0x00000000de300000)
 ParOldGen       total 87552K, used 47544K [0x0000000080400000, 0x0000000085980000, 0x00000000d5700000)
  object space 87552K, 54% used [0x0000000080400000,0x000000008326e000,0x0000000085980000)
 Metaspace       used 3318K, capacity 4600K, committed 4864K, reserved 1056768K
  class space    used 389K, capacity 424K, committed 512K, reserved 1048576K
Event: 2.676 GC heap after
Heap after GC invocations=4 (full 0):
 PSYoungGen      total 138240K, used 5104K [0x00000000d5700000, 0x00000000de300000, 0x0000000100000000)
  eden space 133120K, 0% used [0x00000000d5700000,0x00000000d5700000,0x00000000dd900000)
  from space 5120K, 99% used [0x00000000dde00000,0x00000000de2fc010,0x00000000de300000)
  to   space 5120K, 0% used [0x00000000dd900000,0x00000000dd900000,0x00000000dde00000)
 ParOldGen       total 87552K, used 74653K [0x0000000080400000, 0x0000000085980000, 0x00000000d5700000)
  object space 87552K, 85% used [0x0000000080400000,0x0000000084ce7568,0x0000000085980000)
 Metaspace       used 3318K, capacity 4600K, committed 4864K, reserved 1056768K
  class space    used 389K, capacity 424K, committed 512K, reserved 1048576K
}
Event: 2.676 GC heap before
{Heap before GC invocations=5 (full 1):
 PSYoungGen      total 138240K, used 5104K [0x00000000d5700000, 0x00000000de300000, 0x0000000100000000)
  eden space 133120K, 0% used [0x00000000d5700000,0x00000000d5700000,0x00000000dd900000)
  from space 5120K, 99% used [0x00000000dde00000,0x00000000de2fc010,0x00000000de300000)
  to   space 5120K, 0% used [0x00000000dd900000,0x00000000dd900000,0x00000000dde00000)
 ParOldGen       total 87552K, used 74653K [0x0000000080400000, 0x0000000085980000, 0x00000000d5700000)
  object space 87552K, 85% used [0x0000000080400000,0x0000000084ce7568,0x0000000085980000)
 Metaspace       used 3318K, capacity 4600K, committed 4864K, reserved 1056768K
  class space    used 389K, capacity 424K, committed 512K, reserved 1048576K
Event: 3.206 GC heap after
Heap after GC invocations=5 (full 1):
 PSYoungGen      total 138240K, used 0K [0x00000000d5700000, 0x00000000de300000, 0x0000000100000000)
  eden space 133120K, 0% used [0x00000000d5700000,0x00000000d5700000,0x00000000dd900000)
  from space 5120K, 0% used [0x00000000dde00000,0x00000000dde00000,0x00000000de300000)
  to   space 5120K, 0% used [0x00000000dd900000,0x00000000dd900000,0x00000000dde00000)
 ParOldGen       total 172544K, used 77186K [0x0000000080400000, 0x000000008ac80000, 0x00000000d5700000)
  object space 172544K, 44% used [0x0000000080400000,0x0000000084f60a88,0x000000008ac80000)
 Metaspace       used 3318K, capacity 4600K, committed 4864K, reserved 1056768K
  class space    used 389K, capacity 424K, committed 512K, reserved 1048576K
}
Event: 4.922 GC heap before
{Heap before GC invocations=6 (full 1):
 PSYoungGen      total 138240K, used 133120K [0x00000000d5700000, 0x00000000de300000, 0x0000000100000000)
  eden space 133120K, 100% used [0x00000000d5700000,0x00000000dd900000,0x00000000dd900000)
  from space 5120K, 0% used [0x00000000dde00000,0x00000000dde00000,0x00000000de300000)
  to   space 5120K, 0% used [0x00000000dd900000,0x00000000dd900000,0x00000000dde00000)
 ParOldGen       total 172544K, used 77186K [0x0000000080400000, 0x000000008ac80000, 0x00000000d5700000)
  object space 172544K, 44% used [0x0000000080400000,0x0000000084f60a88,0x000000008ac80000)
 Metaspace       used 3318K, capacity 4600K, committed 4864K, reserved 1056768K
  class space    used 389K, capacity 424K, committed 512K, reserved 1048576K
Event: 4.981 GC heap after
Heap after GC invocations=6 (full 1):
 PSYoungGen      total 138240K, used 5100K [0x00000000d5700000, 0x00000000e6780000, 0x0000000100000000)
  eden space 133120K, 0% used [0x00000000d5700000,0x00000000d5700000,0x00000000dd900000)
  from space 5120K, 99% used [0x00000000dd900000,0x00000000dddfb010,0x00000000dde00000)
  to   space 60416K, 0% used [0x00000000e2c80000,0x00000000e2c80000,0x00000000e6780000)
 ParOldGen       total 172544K, used 129594K [0x0000000080400000, 0x000000008ac80000, 0x00000000d5700000)
  object space 172544K, 75% used [0x0000000080400000,0x000000008828ea88,0x000000008ac80000)
 Metaspace       used 3318K, capacity 4600K, committed 4864K, reserved 1056768K
  class space    used 389K, capacity 424K, committed 512K, reserved 1048576K
}
Event: 4.981 GC heap before
{Heap before GC invocations=7 (full 2):
 PSYoungGen      total 138240K, used 5100K [0x00000000d5700000, 0x00000000e6780000, 0x0000000100000000)
  eden space 133120K, 0% used [0x00000000d5700000,0x00000000d5700000,0x00000000dd900000)
  from space 5120K, 99% used [0x00000000dd900000,0x00000000dddfb010,0x00000000dde00000)
  to   space 60416K, 0% used [0x00000000e2c80000,0x00000000e2c80000,0x00000000e6780000)
 ParOldGen       total 172544K, used 129594K [0x0000000080400000, 0x000000008ac80000, 0x00000000d5700000)
  object space 172544K, 75% used [0x0000000080400000,0x000000008828ea88,0x000000008ac80000)
 Metaspace       used 3318K, capacity 4600K, committed 4864K, reserved 1056768K
  class space    used 389K, capacity 424K, committed 512K, reserved 1048576K

Deoptimization events (0 events):
No events

Internal exceptions (6 events):
Event: 0.022 Thread 0x0000000001e3d800 Exception <a 'java/lang/NoSuchMethodError': Method sun.misc.Unsafe.defineClass(Ljava/lang/String;[BII)Ljava/lang/Class; name or signature does not match> (0x00000000d5707cc0) thrown at [C:\re\workspace\8-2-build-windows-amd64-cygwin\jdk8u91\6644\hotspot\sr
Event: 0.022 Thread 0x0000000001e3d800 Exception <a 'java/lang/NoSuchMethodError': Method sun.misc.Unsafe.prefetchRead(Ljava/lang/Object;J)V name or signature does not match> (0x00000000d5707fa8) thrown at [C:\re\workspace\8-2-build-windows-amd64-cygwin\jdk8u91\6644\hotspot\src\share\vm\prims\jm‰F]•ý³?
Event: 0.078 Thread 0x0000000001e3d800 Exception <a 'java/security/PrivilegedActionException'> (0x00000000d5792058) thrown at [C:\re\workspace\8-2-build-windows-amd64-cygwin\jdk8u91\6644\hotspot\src\share\vm\prims\jvm.cpp, line 1386]
Event: 0.078 Thread 0x0000000001e3d800 Exception <a 'java/security/PrivilegedActionException'> (0x00000000d5792450) thrown at [C:\re\workspace\8-2-build-windows-amd64-cygwin\jdk8u91\6644\hotspot\src\share\vm\prims\jvm.cpp, line 1386]
Event: 0.079 Thread 0x0000000001e3d800 Exception <a 'java/security/PrivilegedActionException'> (0x00000000d57961e0) thrown at [C:\re\workspace\8-2-build-windows-amd64-cygwin\jdk8u91\6644\hotspot\src\share\vm\prims\jvm.cpp, line 1386]
Event: 0.079 Thread 0x0000000001e3d800 Exception <a 'java/security/PrivilegedActionException'> (0x00000000d57965d8) thrown at [C:\re\workspace\8-2-build-windows-amd64-cygwin\jdk8u91\6644\hotspot\src\share\vm\prims\jvm.cpp, line 1386]

Events (10 events):
Event: 0.506 Executing VM operation: ParallelGCFailedAllocation done
Event: 0.915 Executing VM operation: ParallelGCFailedAllocation
Event: 0.933 Executing VM operation: ParallelGCFailedAllocation done
Event: 1.767 Executing VM operation: ParallelGCFailedAllocation
Event: 1.800 Executing VM operation: ParallelGCFailedAllocation done
Event: 2.626 Executing VM operation: ParallelGCFailedAllocation
Event: 3.206 Executing VM operation: ParallelGCFailedAllocation done
Event: 4.155 Executing VM operation: EnableBiasedLocking
Event: 4.155 Executing VM operation: EnableBiasedLocking done
Event: 4.922 Executing VM operation: ParallelGCFailedAllocation


Dynamic libraries:
0x000000013fc80000 - 0x000000013fcb7000 	C:\Program Files\Java\jre1.8.0_91\bin\javaw.exe
0x0000000077a90000 - 0x0000000077c3a000 	C:\Windows\SYSTEM32\ntdll.dll
0x0000000077870000 - 0x000000007798f000 	C:\Windows\system32\kernel32.dll
0x000007fefd810000 - 0x000007fefd87a000 	C:\Windows\system32\KERNELBASE.dll
0x000007fefe070000 - 0x000007fefe14b000 	C:\Windows\system32\ADVAPI32.dll
0x000007feff9e0000 - 0x000007feffa7f000 	C:\Windows\system32\msvcrt.dll
0x000007fefdd40000 - 0x000007fefdd5f000 	C:\Windows\SYSTEM32\sechost.dll
0x000007fefdc10000 - 0x000007fefdd3d000 	C:\Windows\system32\RPCRT4.dll
0x0000000077990000 - 0x0000000077a8a000 	C:\Windows\system32\USER32.dll
0x000007fefdde0000 - 0x000007fefde47000 	C:\Windows\system32\GDI32.dll
0x000007fefe060000 - 0x000007fefe06e000 	C:\Windows\system32\LPK.dll
0x000007feffbf0000 - 0x000007feffcba000 	C:\Windows\system32\USP10.dll
0x000007fefc110000 - 0x000007fefc304000 	C:\Windows\WinSxS\amd64_microsoft.windows.common-controls_6595b64144ccf1df_6.0.7601.18837_none_fa3b1e3d17594757\COMCTL32.dll
0x000007fefdb90000 - 0x000007fefdc01000 	C:\Windows\system32\SHLWAPI.dll
0x000007feffa80000 - 0x000007feffaae000 	C:\Windows\system32\IMM32.DLL
0x000007fefe910000 - 0x000007fefea19000 	C:\Windows\system32\MSCTF.dll
0x0000000059b20000 - 0x0000000059bf2000 	C:\Program Files\Java\jre1.8.0_91\bin\msvcr100.dll
0x00000000701d0000 - 0x0000000070a63000 	C:\Program Files\Java\jre1.8.0_91\bin\server\jvm.dll
0x000007fef9020000 - 0x000007fef9029000 	C:\Windows\system32\WSOCK32.dll
0x000007feff990000 - 0x000007feff9dd000 	C:\Windows\system32\WS2_32.dll
0x000007fefe630000 - 0x000007fefe638000 	C:\Windows\system32\NSI.dll
0x000007fefa460000 - 0x000007fefa49b000 	C:\Windows\system32\WINMM.dll
0x000007fefc8c0000 - 0x000007fefc8cc000 	C:\Windows\system32\VERSION.dll
0x0000000077c60000 - 0x0000000077c67000 	C:\Windows\system32\PSAPI.DLL
0x0000000058e90000 - 0x0000000058e9f000 	C:\Program Files\Java\jre1.8.0_91\bin\verify.dll
0x0000000077df0000 - 0x0000000077e19000 	C:\Program Files\Java\jre1.8.0_91\bin\java.dll
0x0000000000250000 - 0x0000000000266000 	C:\Program Files\Java\jre1.8.0_91\bin\zip.dll
0x000007fefec00000 - 0x000007feff98c000 	C:\Windows\system32\SHELL32.dll
0x000007fefde50000 - 0x000007fefe053000 	C:\Windows\system32\ole32.dll
0x000007fefd7e0000 - 0x000007fefd7ef000 	C:\Windows\system32\profapi.dll
0x000007fefa280000 - 0x000007fefa3a5000 	C:\Windows\system32\dbghelp.dll

VM Arguments:
jvm_args: -Dfile.encoding=Cp1252 
java_command: TestMain
java_class_path (initial): D:\Users\Administrator\Desktop\University\workspace\prog\MscProject\bin
Launcher Type: SUN_STANDARD

Environment Variables:
PATH=C:/Program Files/Java/jre1.8.0_91/bin/server;C:/Program Files/Java/jre1.8.0_91/bin;C:/Program Files/Java/jre1.8.0_91/lib/amd64;C:\ProgramData\Oracle\Java\javapath;C:\Program Files (x86)\AMD APP\bin\x86_64;C:\Program Files (x86)\AMD APP\bin\x86;C:\Windows\system32;C:\Windows;C:\Windows\System32\Wbem;C:\Windows\System32\WindowsPowerShell\v1.0\;C:\Program Files (x86)\ATI Technologies\ATI.ACE\Core-Static;C:\Program Files (x86)\Common Files\Acronis\SnapAPI\;C:\Program Files (x86)\Calibre2\;C:\Program Files\OpenVPN\bin;C:\Program Files (x86)\Skype\Phone\;C:\Program Files (x86)\AMD\ATI.ACE\Core-Static;;C:\Program Files\Java\jdk1.8.0_65\bin;C:\python27;C:\python27\scripts;;D:\Users\Administrator\Desktop\eclipse;
USERNAME=Administrator
OS=Windows_NT
PROCESSOR_IDENTIFIER=Intel64 Family 6 Model 42 Stepping 7, GenuineIntel



---------------  S Y S T E M  ---------------

OS: Windows 7 , 64 bit Build 7601 (6.1.7601.23418)

CPU:total 4 (4 cores per cpu, 1 threads per core) family 6 model 42 stepping 7, cmov, cx8, fxsr, mmx, sse, sse2, sse3, ssse3, sse4.1, sse4.2, popcnt, avx, aes, clmul, tsc, tscinvbit

Memory: 4k page, physical 8371268k(3679488k free), swap 16740676k(9754688k free)

vm_info: Java HotSpot(TM) 64-Bit Server VM (25.91-b14) for windows-amd64 JRE (1.8.0_91-b14), built on Apr  1 2016 00:58:32 by "java_re" with MS VC++ 10.0 (VS2010)

time: Thu Jul 14 15:01:26 2016
elapsed time: 5 seconds (0d 0h 0m 5s)

